\BOOKMARK [1][-]{section.1}{Introduction}{}
\BOOKMARK [1][-]{section.2}{Related Work}{}
\BOOKMARK [1][-]{section.3}{Methodology}{}
\BOOKMARK [2][-]{subsection.3.1}{Interview Participants}{section.3}
\BOOKMARK [2][-]{subsection.3.2}{Interview Procedure}{section.3}
\BOOKMARK [2][-]{subsection.3.3}{Questionnaire Participants}{section.3}
\BOOKMARK [2][-]{subsection.3.4}{Questionnaire Procedure}{section.3}
\BOOKMARK [2][-]{subsection.3.5}{Data Analysis}{section.3}
\BOOKMARK [2][-]{subsection.3.6}{Validation}{section.3}
\BOOKMARK [1][-]{section.4}{Results}{}
\BOOKMARK [2][-]{section*.1}{RQ1}{section.4}
\BOOKMARK [2][-]{section*.3}{RQ2}{section.4}
\BOOKMARK [2][-]{section*.5}{RQ3}{section.4}
\BOOKMARK [1][-]{section.5}{Discussion}{}
\BOOKMARK [2][-]{subsection.5.1}{Unwanted Awareness}{section.5}
\BOOKMARK [2][-]{subsection.5.2}{Prevention versus Cure}{section.5}
\BOOKMARK [2][-]{subsection.5.3}{Gap in Software Evolution Analysis}{section.5}
\BOOKMARK [2][-]{subsection.5.4}{Implications for Future Research Work}{section.5}
\BOOKMARK [2][-]{subsection.5.5}{Implications for Future Tool Work}{section.5}
\BOOKMARK [1][-]{section.6}{Evaluation and Threats to Validity}{}
\BOOKMARK [1][-]{section.7}{Conclusions}{}
\BOOKMARK [1][-]{section*.7}{References}{}
